

Version:	3.50
CmdLine:	C:\Users\luiz.silva\Downloads\Automação project.sikuli\app\Autopreguiça2.1.exe --l4j-debug
JNI:		No
WOW64:		Yes
Working dir:	C:\Users\luiz.silva\Downloads\Automação project.sikuli\app\.
Requires JDK:	No
Requires 64-Bit: No
Java min ver:	
Java max ver:	
JRE paths:	jre_custom
Check launcher:	C:\Users\luiz.silva\Downloads\Automação project.sikuli\app\jre_custom\bin\javaw.exe (not found)
Error msg:	This application requires a Java Runtime Environment.


Version:	3.50
CmdLine:	C:\Users\luiz.silva\Downloads\Automação project.sikuli\app\Autopreguiça2.1.exe --l4j-debug
JNI:		No
WOW64:		Yes
Working dir:	C:\Users\luiz.silva\Downloads\Automação project.sikuli\app\.
Requires JDK:	No
Requires 64-Bit: No
Java min ver:	
Java max ver:	
JRE paths:	jre_custom
Check launcher:	C:\Users\luiz.silva\Downloads\Automação project.sikuli\app\jre_custom\bin\javaw.exe (not found)
Error msg:	This application requires a Java Runtime Environment.


Version:	3.50
CmdLine:	C:\Users\luiz.silva\Downloads\Automação project.sikuli\app\Autopreguiça2.1.exe --l4j-debug
JNI:		No
WOW64:		Yes
Working dir:	C:\Users\luiz.silva\Downloads\Automação project.sikuli\app\.
Requires JDK:	No
Requires 64-Bit: No
Java min ver:	
Java max ver:	
JRE paths:	jre_custo
Check launcher:	C:\Users\luiz.silva\Downloads\Automação project.sikuli\app\jre_custo\bin\javaw.exe (not found)
Error msg:	This application requires a Java Runtime Environment.


Version:	3.50
CmdLine:	C:\Users\luiz.silva\Downloads\Automação project.sikuli\app\Autopreguiça2.1.exe --l4j-debug
JNI:		No
WOW64:		Yes
Working dir:	C:\Users\luiz.silva\Downloads\Automação project.sikuli\app\.
Requires JDK:	No
Requires 64-Bit: No
Java min ver:	
Java max ver:	
JRE paths:	jre_custom
Check launcher:	C:\Users\luiz.silva\Downloads\Automação project.sikuli\app\jre_custom\bin\javaw.exe (not found)
Error msg:	This application requires a Java Runtime Environment.


Version:	3.50
CmdLine:	C:\Users\luiz.silva\Downloads\Automação project.sikuli\app\Autopreguiça2.1.exe --l4j-debug
JNI:		No
WOW64:		Yes
Working dir:	C:\Users\luiz.silva\Downloads\Automação project.sikuli\app\.
Requires JDK:	No
Requires 64-Bit: No
Java min ver:	
Java max ver:	
JRE paths:	jre_custom
Check launcher:	C:\Users\luiz.silva\Downloads\Automação project.sikuli\app\jre_custom\bin\javaw.exe (not found)
Error msg:	This application requires a Java Runtime Environment.


Version:	3.50
CmdLine:	C:\Users\luiz.silva\Downloads\Automação project.sikuli\app\Autopreguiça2.1.exe --l4j-debug
JNI:		No
WOW64:		Yes
Working dir:	C:\Users\luiz.silva\Downloads\Automação project.sikuli\app\.
Requires JDK:	No
Requires 64-Bit: No
Java min ver:	
Java max ver:	
JRE paths:	jre_custom
Check launcher:	C:\Users\luiz.silva\Downloads\Automação project.sikuli\app\jre_custom\bin\javaw.exe (not found)
Error msg:	This application requires a Java Runtime Environment.


Version:	3.50
CmdLine:	C:\Users\luiz.silva\Downloads\Automação project.sikuli\app\Autopreguiça2.1.exe --l4j-debug
JNI:		No
WOW64:		Yes
Working dir:	C:\Users\luiz.silva\Downloads\Automação project.sikuli\app\.
Requires JDK:	No
Requires 64-Bit: No
Java min ver:	
Java max ver:	
JRE paths:	jre_custo
Check launcher:	C:\Users\luiz.silva\Downloads\Automação project.sikuli\app\jre_custo\bin\javaw.exe (not found)
Error msg:	This application requires a Java Runtime Environment.


Version:	3.50
CmdLine:	C:\Users\luiz.silva\Downloads\Automação project.sikuli\app\Autopreguiça2.1.exe --l4j-debug
JNI:		No
WOW64:		Yes
Working dir:	C:\Users\luiz.silva\Downloads\Automação project.sikuli\app\.
Requires JDK:	No
Requires 64-Bit: No
Java min ver:	
Java max ver:	
JRE paths:	jre_custo
Check launcher:	C:\Users\luiz.silva\Downloads\Automação project.sikuli\app\jre_custo\bin\javaw.exe (not found)
Error msg:	This application requires a Java Runtime Environment.


Version:	3.50
CmdLine:	C:\Users\luiz.silva\Downloads\Automação project.sikuli\app\Autopreguiça2.1.exe --l4j-debug
JNI:		No
WOW64:		Yes
Working dir:	C:\Users\luiz.silva\Downloads\Automação project.sikuli\app\.
Requires JDK:	No
Requires 64-Bit: No
Java min ver:	
Java max ver:	
JRE paths:	jre_custo
Check launcher:	C:\Users\luiz.silva\Downloads\Automação project.sikuli\app\jre_custo\bin\javaw.exe (not found)
Error msg:	This application requires a Java Runtime Environment.


Version:	3.50
CmdLine:	C:\Users\luiz.silva\Downloads\Automação project.sikuli\app\Autopreguiça2.1.exe --l4j-debug
JNI:		No
WOW64:		Yes
Working dir:	C:\Users\luiz.silva\Downloads\Automação project.sikuli\app\.
Requires JDK:	No
Requires 64-Bit: No
Java min ver:	
Java max ver:	
JRE paths:	jre_custo
Check launcher:	C:\Users\luiz.silva\Downloads\Automação project.sikuli\app\jre_custo\bin\javaw.exe (not found)
Error msg:	This application requires a Java Runtime Environment.


Version:	3.50
CmdLine:	C:\Users\luiz.silva\Downloads\Automação project.sikuli\app\Autopreguiça2.1.exe --l4j-debug
JNI:		No
WOW64:		Yes
Working dir:	C:\Users\luiz.silva\Downloads\Automação project.sikuli\app\.
Requires JDK:	No
Requires 64-Bit: No
Java min ver:	
Java max ver:	
JRE paths:	jre_custo
Check launcher:	C:\Users\luiz.silva\Downloads\Automação project.sikuli\app\jre_custo\bin\javaw.exe (not found)
Error msg:	This application requires a Java Runtime Environment.


Version:	3.50
CmdLine:	C:\Users\luiz.silva\Downloads\Automação project.sikuli\app\Autopreguiça2.1.exe --l4j-debug
JNI:		No
WOW64:		Yes
Working dir:	C:\Users\luiz.silva\Downloads\Automação project.sikuli\app\.
Requires JDK:	No
Requires 64-Bit: No
Java min ver:	
Java max ver:	
Substitute:	JAVA_HOME = 
Substitute:	PATH = C:\Program Files\Common Files\Oracle\Java\javapath;C:\Program Files (x86)\Common Files\Oracle\Java\java8path;C:\Program Files (x86)\Common Files\Oracle\Java\javapath;C:\WINDOWS\system32;C:\WINDOWS;C:\WINDOWS\System32\Wbem;C:\WINDOWS\System32\WindowsPowerShell\v1.0\;C:\WINDOWS\System32\OpenSSH\;C:\Users\luiz.silva\AppData\Local\Programs\Python\Python311;C:\Users\luiz.silva\AppData\Local\Programs\Python\Python311\Scripts;C:\Program Files (x86)\Microsoft SQL Server\130\Tools\Binn\;C:\Program Files\Microsoft SQL Server\130\Tools\Binn\;C:\Program Files (x86)\Microsoft SQL Server\130\DTS\Binn\;C:\Program Files\Microsoft SQL Server\130\DTS\Binn\;C:\Program Files\Microsoft SQL Server\Client SDK\ODBC\130\Tools\Binn\;C:\Program Files (x86)\Microsoft SQL Server\160\DTS\Binn\;C:\Program Files\nodejs\;C:\php\tools\php84\php-8.4.4-nts-Win32-vs17-x64;C:\Program Files\MySQL\MySQL Server 8.0\bin;C:\Program Files\Git\cmd;C:\MinGW\bin;C:\Program Files\Java\jdk-23\bin;C:\Program Files\MySQL\MySQL Shell 8.0\bin\;C:\Users\luiz.silva\AppData\Local\Microsoft\WindowsApps;C:\Users\luiz.silva\AppData\Local\Programs\Python\Python311;C:\Users\luiz.silva\AppData\Local\Programs\Python\Python311\Scripts;C:\Users\luiz.silva\AppData\Roaming\npm;C:\php\tools\php84\php-8.4.4-nts-Win32-vs17-x64;C:\Program Files\MySQL\MySQL Server 8.0\bin;C:\MinGW\bin;C:\Users\luiz.silva\AppData\Local\Programs\Microsoft VS Code\bin;C:\Program Files\Java\jdk-23\bin;;C:\Program Files\Java\jdk-23\bin
JRE paths:	;C:\Program Files\Common Files\Oracle\Java\javapath;C:\Program Files (x86)\Common Files\Oracle\Java\java8path;C:\Program Files (x86)\Common Files\Oracle\Java\javapath;C:\WINDOWS\system32;C:\WINDOWS;C:\WINDOWS\System32\Wbem;C:\WINDOWS\System32\WindowsPowerShell\v1.0\;C:\WINDOWS\System32\OpenSSH\;C:\Users\luiz.silva\AppData\Local\Programs\Python\Python311;C:\Users\luiz.silva\AppData\Local\Programs\Python\Python311\Scripts;C:\Program Files (x86)\Microsoft SQL Server\130\Tools\Binn\;C:\Program Files\Microsoft SQL Server\130\Tools\Binn\;C:\Program Files (x86)\Microsoft SQL Server\130\DTS\Binn\;C:\Program Files\Microsoft SQL Server\130\DTS\Binn\;C:\Program Files\Microsoft SQL Server\Client SDK\ODBC\130\Tools\Binn\;C:\Program Files (x86)\Microsoft SQL Server\160\DTS\Binn\;C:\Program Files\nodejs\;C:\php\tools\php84\php-8.4.4-nts-Win32-vs17-x64;C:\Program Files\MySQL\MySQL Server 8.0\bin;C:\Program Files\Git\cmd;C:\MinGW\bin;C:\Program Files\Java\jdk-23\bin;C:\Program Files\MySQL\MySQL Shell 8.0\bin\;C:\Users\luiz.silva\AppData\Local\Microsoft\WindowsApps;C:\Users\luiz.silva\AppData\Local\Programs\Python\Python311;C:\Users\luiz.silva\AppData\Local\Programs\Python\Python311\Scripts;C:\Users\luiz.silva\AppData\Roaming\npm;C:\php\tools\php84\php-8.4.4-nts-Win32-vs17-x64;C:\Program Files\MySQL\MySQL Server 8.0\bin;C:\MinGW\bin;C:\Users\luiz.silva\AppData\Local\Programs\Microsoft VS Code\bin;C:\Program Files\Java\jdk-23\bin;;C:\Program Files\Java\jdk-23\bin
Check launcher:	C:\Program Files\Common Files\Oracle\Java\javapath\bin\javaw.exe (not found)
Check launcher:	C:\Program Files (x86)\Common Files\Oracle\Java\java8path\bin\javaw.exe (not found)
Check launcher:	C:\Program Files (x86)\Common Files\Oracle\Java\javapath\bin\javaw.exe (not found)
Check launcher:	C:\WINDOWS\system32\bin\javaw.exe (not found)
Check launcher:	C:\WINDOWS\bin\javaw.exe (not found)
Check launcher:	C:\WINDOWS\System32\Wbem\bin\javaw.exe (not found)
Check launcher:	C:\WINDOWS\System32\WindowsPowerShell\v1.0\bin\javaw.exe (not found)
Check launcher:	C:\WINDOWS\System32\OpenSSH\bin\javaw.exe (not found)
Check launcher:	C:\Users\luiz.silva\AppData\Local\Programs\Python\Python311\bin\javaw.exe (not found)
Check launcher:	C:\Users\luiz.silva\AppData\Local\Programs\Python\Python311\Scripts\bin\javaw.exe (not found)
Check launcher:	C:\Program Files (x86)\Microsoft SQL Server\130\Tools\Binn\bin\javaw.exe (not found)
Check launcher:	C:\Program Files\Microsoft SQL Server\130\Tools\Binn\bin\javaw.exe (not found)
Check launcher:	C:\Program Files (x86)\Microsoft SQL Server\130\DTS\Binn\bin\javaw.exe (not found)
Check launcher:	C:\Program Files\Microsoft SQL Server\130\DTS\Binn\bin\javaw.exe (not found)
Check launcher:	C:\Program Files\Microsoft SQL Server\Client SDK\ODBC\130\Tools\Binn\bin\javaw.exe (not found)
Check launcher:	C:\Program Files (x86)\Microsoft SQL Server\160\DTS\Binn\bin\javaw.exe (not found)
Check launcher:	C:\Program Files\nodejs\bin\javaw.exe (not found)
Check launcher:	C:\php\tools\php84\php-8.4.4-nts-Win32-vs17-x64\bin\javaw.exe (not found)
Check launcher:	C:\Program Files\MySQL\MySQL Server 8.0\bin\javaw.exe (not found)
Check launcher:	C:\Program Files\Git\cmd\bin\javaw.exe (not found)
Check launcher:	C:\MinGW\bin\javaw.exe (not found)
Check launcher:	C:\Program Files\Java\jdk-23\bin\javaw.exe (OK)
Version string: 1.023.000_001 / 64-Bit (OK)
Launcher:	C:\Program Files\Java\jdk-23\bin\javaw.exe
Launcher args:	-jar "C:\Users\luiz.silva\Downloads\Automação project.sikuli\app\Autopreguiça2.1.exe"
Args length:	85/32768 chars
Exit code:	0
